SF:src/abi/coder.ts
DA:2,15
DA:3,15
DA:4,15
DA:9,15
DA:21,10
DA:22,10
DA:24,3
DA:41,10
DA:42,10
DA:43,7
DA:45,3
DA:52,15
DA:58,15
end_of_record
SF:src/abi/fragment.ts
DA:1,15
DA:8,15
DA:15,15
DA:26,82
DA:27,2
DA:29,80
DA:58,23
DA:59,23
DA:60,22
DA:62,1
DA:72,10
DA:82,41
DA:92,16
DA:93,16
DA:95,1
DA:106,16
DA:107,16
DA:109,1
DA:140,23
DA:141,23
DA:142,22
DA:144,1
DA:154,10
DA:164,41
DA:174,21
DA:175,21
DA:181,1
DA:195,21
DA:196,21
DA:198,1
DA:206,15
DA:211,15
BRDA:26,0,0,2
end_of_record
SF:src/abi/index.ts
DA:1,15
DA:2,15
DA:3,15
end_of_record
SF:src/abi/types.d.ts
end_of_record
SF:src/address/address.ts
DA:1,15
DA:2,15
DA:15,287
DA:28,65
DA:45,16
DA:46,2
DA:48,14
DA:51,15
BRDA:45,0,0,2
end_of_record
SF:src/address/index.ts
DA:1,15
end_of_record
SF:src/bloom/bloom.ts
DA:11,15
DA:12,15
DA:28,15
DA:29,15
DA:39,1027
DA:44,2078
DA:63,7275
DA:73,2044
DA:76,2044
DA:78,2044
DA:101,2044
DA:102,2044
DA:103,8271
DA:105,8271
DA:106,996
DA:109,7275
DA:111,1048
DA:122,6
DA:129,1017
DA:142,6
DA:145,6
DA:147,6
DA:150,6
DA:152,6
DA:153,1017
DA:154,6193
DA:155,6193
DA:159,6
DA:161,6
DA:176,18
DA:177,18
DA:178,17
DA:181,15
BRDA:105,0,0,996
BRDA:145,1,0,3
BRDA:145,1,1,3
BRDA:177,2,0,1
BRDA:178,3,0,5
BRDA:178,3,1,12
end_of_record
SF:src/bloom/index.ts
DA:1,15
end_of_record
SF:src/core.ts
DA:1,15
DA:2,15
DA:3,15
DA:4,15
DA:5,15
DA:6,15
DA:7,15
DA:8,15
DA:9,15
DA:10,15
DA:11,15
DA:12,15
end_of_record
SF:src/encoding/index.ts
DA:1,15
end_of_record
SF:src/encoding/rlp/helpers/compactfixedhexblobkind.ts
DA:1,15
DA:11,15
DA:16,17
DA:17,1
DA:23,16
DA:24,1
DA:35,15
DA:36,475
DA:38,98
DA:49,15
DA:53,12
DA:55,12
DA:59,15
DA:60,15
DA:61,15
BRDA:16,0,0,1
BRDA:23,1,0,1
BRDA:23,2,0,16
BRDA:23,2,1,15
BRDA:38,3,0,97
BRDA:38,3,1,1
end_of_record
SF:src/encoding/rlp/helpers/fixedhexblobkind.ts
DA:1,15
DA:11,15
DA:16,298
DA:17,2
DA:31,15
DA:36,24
DA:37,3
DA:40,15
BRDA:16,0,0,2
BRDA:36,1,0,3
end_of_record
SF:src/encoding/rlp/helpers/hexblobkind.ts
DA:1,15
DA:3,15
DA:12,15
DA:13,502
DA:14,3
DA:18,499
DA:19,5
DA:23,494
DA:24,3
DA:35,15
DA:39,50
DA:40,4
DA:44,15
BRDA:13,0,0,3
BRDA:18,1,0,5
BRDA:23,2,0,3
BRDA:39,3,0,4
end_of_record
SF:src/encoding/rlp/helpers/index.ts
DA:1,15
DA:2,15
DA:3,15
DA:4,15
DA:5,15
end_of_record
SF:src/encoding/rlp/helpers/numerickind.ts
DA:1,15
DA:3,15
DA:14,15
DA:15,803
DA:16,788
DA:17,15
DA:18,13
DA:20,2
DA:25,792
DA:40,15
DA:41,788
DA:42,4
DA:63,15
DA:64,13
DA:65,13
DA:67,13
DA:68,3
DA:77,10
DA:78,2
DA:96,15
DA:102,96
DA:103,2
DA:107,94
DA:108,3
DA:123,15
DA:128,790
DA:130,765
DA:133,765
DA:134,196
DA:137,765
DA:138,3
DA:141,762
DA:149,15
DA:150,87
DA:152,85
DA:153,85
DA:156,85
DA:160,15
DA:161,15
DA:162,15
DA:163,15
BRDA:15,0,0,788
BRDA:15,0,1,15
BRDA:17,1,0,13
BRDA:17,1,1,2
BRDA:41,2,0,4
BRDA:41,3,0,788
BRDA:41,3,1,786
BRDA:67,4,0,3
BRDA:67,5,0,13
BRDA:67,5,1,8
BRDA:77,6,0,2
BRDA:77,7,0,10
BRDA:77,7,1,5
BRDA:102,8,0,2
BRDA:102,9,0,96
BRDA:102,9,1,71
BRDA:107,10,0,3
BRDA:128,11,0,25
BRDA:133,12,0,196
BRDA:137,13,0,3
BRDA:137,14,0,765
BRDA:137,14,1,742
BRDA:150,15,0,2
BRDA:156,16,0,84
BRDA:156,16,1,1
end_of_record
SF:src/encoding/rlp/helpers/profiles.ts
DA:1,15
DA:9,15
DA:10,36
DA:13,15
end_of_record
SF:src/encoding/rlp/index.ts
DA:1,15
DA:2,15
DA:4,15
DA:5,15
DA:6,15
DA:7,15
DA:20,15
end_of_record
SF:src/encoding/rlp/kind/bufferkind.ts
DA:1,15
DA:2,15
DA:20,139
DA:21,1
DA:24,138
DA:25,138
DA:39,14
DA:40,1
DA:43,13
DA:44,13
DA:49,15
BRDA:20,0,0,1
BRDA:39,1,0,1
end_of_record
SF:src/encoding/rlp/kind/hexblobkinds/compactfixedhexblob.ts
DA:1,15
DA:7,15
DA:22,98
DA:24,98
DA:25,98
DA:38,12
DA:40,12
DA:41,12
DA:46,15
end_of_record
SF:src/encoding/rlp/kind/hexblobkinds/fixedhexblob.ts
DA:1,15
DA:6,15
DA:17,69
DA:18,69
DA:29,298
DA:32,295
DA:34,294
DA:45,22
DA:48,21
DA:50,19
DA:54,15
end_of_record
SF:src/encoding/rlp/kind/hexblobkinds/hexblob.ts
DA:1,15
DA:6,15
DA:24,496
DA:26,489
DA:27,488
DA:39,46
DA:41,44
DA:42,42
DA:47,15
end_of_record
SF:src/encoding/rlp/kind/hexblobkinds/index.ts
DA:1,15
DA:2,15
DA:3,15
DA:4,15
end_of_record
SF:src/encoding/rlp/kind/hexblobkinds/optionalfixedhexblob.ts
DA:2,15
DA:18,292
DA:20,100
DA:33,24
DA:35,8
DA:41,15
BRDA:18,0,0,100
BRDA:18,0,1,192
BRDA:33,1,0,8
BRDA:33,1,1,16
end_of_record
SF:src/encoding/rlp/kind/index.ts
DA:1,15
DA:2,15
DA:3,15
DA:4,15
DA:14,15
end_of_record
SF:src/encoding/rlp/kind/numerickind.ts
DA:1,15
DA:2,15
DA:20,145
DA:21,145
DA:34,795
DA:36,790
DA:37,790
DA:51,89
DA:53,87
DA:54,87
DA:59,15
end_of_record
SF:src/encoding/rlp/kind/scalarkind.abstract.ts
DA:32,15
end_of_record
SF:src/encoding/rlp/rlp.ts
DA:1,15
DA:9,15
DA:17,3
DA:18,3
DA:27,2
DA:39,58
DA:47,111
DA:48,107
DA:57,17
DA:58,17
DA:75,15
DA:80,1913
DA:81,1913
DA:84,1913
DA:85,1410
DA:89,503
DA:90,309
DA:91,1482
DA:95,194
DA:98,193
DA:99,193
DA:100,193
DA:101,320
DA:123,15
DA:128,212
DA:130,212
DA:133,212
DA:134,148
DA:135,1
DA:137,147
DA:139,147
DA:143,64
DA:144,42
DA:146,42
DA:147,1
DA:152,41
DA:154,162
DA:156,159
DA:162,22
DA:165,21
DA:166,21
DA:168,21
DA:169,33
DA:174,15
BRDA:80,0,0,1764
BRDA:80,0,1,149
BRDA:84,1,0,1410
BRDA:89,2,0,309
BRDA:95,3,0,1
BRDA:98,4,0,193
BRDA:128,5,0,173
BRDA:128,5,1,39
BRDA:133,6,0,148
BRDA:134,7,0,1
BRDA:134,8,0,148
BRDA:134,8,1,12
BRDA:137,9,0,147
BRDA:143,10,0,42
BRDA:143,11,0,64
BRDA:143,11,1,42
BRDA:146,12,0,1
BRDA:162,13,0,1
BRDA:165,14,0,21
end_of_record
SF:src/encoding/rlp/types.d.ts
end_of_record
SF:src/hash/blake2b256.ts
DA:1,15
DA:3,15
DA:4,15
DA:16,2156
DA:17,2156
DA:18,2156
DA:19,100
DA:21,2056
DA:24,2156
DA:76,2157
DA:77,1
DA:83,2156
DA:85,2156
DA:87,2156
DA:90,15
BRDA:18,0,0,100
BRDA:18,0,1,2056
BRDA:74,1,0,2136
BRDA:76,2,0,1
BRDA:87,3,0,2143
BRDA:87,3,1,13
end_of_record
SF:src/hash/helpers/hashhelpers.ts
DA:9,15
DA:10,2206
DA:13,15
BRDA:10,0,0,2206
BRDA:10,0,1,30
end_of_record
SF:src/hash/helpers/index.ts
DA:1,15
end_of_record
SF:src/hash/index.ts
DA:1,15
DA:2,15
DA:3,15
DA:4,15
end_of_record
SF:src/hash/keccak256.ts
DA:1,15
DA:3,15
DA:4,15
DA:55,23
DA:56,1
DA:61,22
DA:65,22
DA:68,15
BRDA:53,0,0,8
BRDA:55,1,0,1
BRDA:61,2,0,15
BRDA:61,2,1,7
BRDA:65,3,0,15
BRDA:65,3,1,7
end_of_record
SF:src/hash/sha256.ts
DA:1,15
DA:3,15
DA:4,15
DA:54,26
DA:55,1
DA:60,25
DA:64,25
DA:67,15
BRDA:52,0,0,11
BRDA:54,1,0,1
BRDA:60,2,0,19
BRDA:60,2,1,6
BRDA:64,3,0,18
BRDA:64,3,1,7
end_of_record
SF:src/hash/types.d.ts
end_of_record
SF:src/hdnode/hdnode.ts
DA:1,15
DA:2,15
DA:10,15
DA:11,15
DA:12,15
DA:24,108
DA:29,1
DA:32,107
DA:33,107
DA:37,107
DA:50,3
DA:51,1
DA:54,2
DA:55,1
DA:57,1
DA:58,1
DA:63,1
DA:64,1
DA:66,1
DA:69,1
DA:82,3
DA:83,1
DA:86,2
DA:87,1
DA:89,1
DA:95,1
DA:96,1
DA:98,1
DA:101,1
DA:111,222
DA:117,222
DA:118,222
DA:120,222
DA:122,36
DA:125,80
DA:126,75
DA:127,5
DA:130,2
DA:133,76
DA:136,15
DA:139,100
DA:144,15
BRDA:23,0,0,108
BRDA:24,1,0,1
BRDA:50,2,0,1
BRDA:54,3,0,1
BRDA:82,4,0,1
BRDA:86,5,0,1
BRDA:125,6,0,75
end_of_record
SF:src/hdnode/index.ts
DA:1,15
DA:2,15
end_of_record
SF:src/hdnode/types.d.ts
end_of_record
SF:src/index.ts
DA:1,15
DA:3,15
DA:5,15
end_of_record
SF:src/keystore/index.ts
DA:1,15
DA:2,15
end_of_record
SF:src/keystore/keystore.ts
DA:4,15
DA:5,15
DA:6,15
DA:7,15
DA:22,6
DA:23,5
DA:26,5
DA:32,5
DA:41,5
DA:47,5
DA:62,3
DA:64,2
DA:65,2
DA:70,1
DA:81,5
DA:87,15
DA:88,15
BRDA:62,0,0,1
end_of_record
SF:src/keystore/types.d.ts
end_of_record
SF:src/mnemonic/index.ts
DA:1,15
DA:2,15
end_of_record
SF:src/mnemonic/mnemonic.ts
DA:1,15
DA:2,15
DA:3,15
DA:8,15
DA:53,23
DA:57,1
DA:61,22
DA:64,12
DA:67,22
DA:70,22
DA:84,17
DA:102,50
DA:121,50
DA:125,15
BRDA:53,0,0,1
BRDA:54,1,0,23
BRDA:54,1,1,21
BRDA:62,2,0,22
BRDA:62,2,1,12
BRDA:67,3,0,22
BRDA:67,3,1,2
BRDA:100,4,0,46
BRDA:119,5,0,46
end_of_record
SF:src/mnemonic/types.d.ts
end_of_record
SF:src/secp256k1/index.ts
DA:1,15
end_of_record
SF:src/secp256k1/secp256k1.ts
DA:1,15
DA:2,15
DA:8,15
DA:11,15
DA:19,56
DA:27,115
DA:41,6
DA:43,6
DA:44,6
DA:46,6
DA:56,37
DA:57,3
DA:59,34
DA:60,34
DA:69,17
DA:70,1
DA:73,16
DA:74,1
DA:77,15
DA:78,15
DA:80,15
DA:81,15
DA:83,15
DA:92,37
DA:93,1
DA:95,36
DA:96,1
DA:98,35
DA:99,35
DA:100,1
DA:103,34
DA:104,34
DA:106,34
DA:107,34
DA:109,34
DA:129,224
DA:132,15
BRDA:19,0,0,56
BRDA:19,0,1,56
BRDA:28,1,0,115
BRDA:28,1,1,115
BRDA:28,1,2,108
BRDA:28,1,3,106
BRDA:41,2,0,6
BRDA:41,2,1,6
BRDA:56,3,0,3
BRDA:69,4,0,1
BRDA:73,5,0,1
BRDA:92,6,0,1
BRDA:95,7,0,1
BRDA:95,8,0,36
BRDA:95,8,1,36
BRDA:99,9,0,1
BRDA:99,10,0,35
BRDA:99,10,1,16
end_of_record
SF:src/transaction/handlers/decode.ts
DA:2,15
DA:8,15
DA:21,7
DA:26,7
DA:31,7
DA:44,7
DA:54,6
DA:77,5
DA:78,1
DA:81,4
DA:86,4
DA:94,15
BRDA:21,0,0,3
BRDA:21,0,1,4
BRDA:44,1,0,5
BRDA:44,1,1,2
BRDA:54,2,0,3
BRDA:54,2,1,3
BRDA:77,3,0,1
BRDA:86,4,0,1
BRDA:86,4,1,3
end_of_record
SF:src/transaction/handlers/index.ts
DA:1,15
DA:2,15
end_of_record
SF:src/transaction/handlers/sign.ts
DA:1,15
DA:2,15
DA:3,15
DA:4,15
DA:18,8
DA:19,1
DA:22,7
DA:23,1
DA:26,6
DA:27,4
DA:30,2
DA:36,2
DA:54,12
DA:58,3
DA:61,9
DA:62,2
DA:65,7
DA:66,1
DA:68,6
DA:69,6
DA:72,6
DA:78,6
DA:81,15
BRDA:18,0,0,1
BRDA:22,1,0,1
BRDA:26,2,0,4
BRDA:54,3,0,3
BRDA:55,4,0,12
BRDA:55,4,1,10
BRDA:61,5,0,2
BRDA:65,6,0,1
end_of_record
SF:src/transaction/index.ts
DA:1,15
DA:2,15
DA:3,15
end_of_record
SF:src/transaction/transaction-handler.ts
DA:1,15
DA:3,15
DA:11,15
end_of_record
SF:src/transaction/transaction.ts
DA:1,15
DA:3,15
DA:4,15
DA:5,15
DA:50,36
DA:51,1
DA:54,35
DA:55,12
DA:56,1
DA:68,3
DA:77,44
DA:87,16
DA:88,4
DA:91,12
DA:95,8
DA:101,8
DA:107,8
DA:116,108
DA:168,72
DA:169,1
DA:172,71
DA:175,71
DA:176,14
DA:184,57
DA:193,22
DA:203,31
DA:207,25
DA:210,25
DA:216,25
DA:226,12
DA:229,6
DA:250,56
DA:253,56
DA:256,56
DA:269,12
DA:273,12
DA:288,93
DA:291,93
DA:294,93
DA:302,93
DA:303,93
DA:304,21
DA:306,72
DA:309,93
DA:325,93
DA:326,13
DA:333,80
DA:345,93
DA:376,36
DA:402,15
BRDA:50,0,0,35
BRDA:50,0,1,1
BRDA:54,1,0,12
BRDA:55,2,0,11
BRDA:55,2,1,1
BRDA:87,3,0,4
BRDA:91,4,0,4
BRDA:168,5,0,1
BRDA:168,6,0,72
BRDA:168,6,1,15
BRDA:175,7,0,14
BRDA:203,8,0,6
BRDA:226,9,0,6
BRDA:250,10,0,56
BRDA:250,10,1,15
BRDA:253,11,0,56
BRDA:253,11,1,15
BRDA:269,12,0,9
BRDA:269,12,1,3
BRDA:288,13,0,93
BRDA:288,13,1,21
BRDA:296,14,0,93
BRDA:296,14,1,21
BRDA:298,15,0,93
BRDA:298,15,1,68
BRDA:303,16,0,21
BRDA:303,16,1,72
BRDA:325,17,0,13
BRDA:378,18,0,36
BRDA:378,18,1,36
BRDA:378,18,2,36
BRDA:378,18,3,36
BRDA:378,18,4,36
BRDA:378,18,5,35
BRDA:378,18,6,35
BRDA:378,18,7,35
BRDA:378,18,8,35
BRDA:378,18,9,35
BRDA:378,18,10,35
BRDA:378,18,11,35
end_of_record
SF:src/transaction/types.d.ts
end_of_record
SF:src/utils/bloom/bloom.ts
DA:1,15
DA:2,15
DA:3,15
DA:5,15
DA:6,15
DA:18,15
DA:19,24
DA:20,1
DA:24,23
DA:45,15
DA:46,14
DA:47,1
DA:50,13
DA:51,1
DA:54,12
DA:55,2
DA:58,10
DA:59,1
DA:63,9
DA:65,9
DA:66,9
DA:68,9
DA:94,15
DA:99,5
DA:100,3
DA:103,2
DA:106,15
BRDA:19,0,0,1
BRDA:25,1,0,23
BRDA:25,1,1,6
BRDA:46,2,0,1
BRDA:50,3,0,1
BRDA:54,4,0,2
BRDA:54,5,0,12
BRDA:54,5,1,11
BRDA:58,6,0,1
BRDA:99,7,0,3
end_of_record
SF:src/utils/bloom/index.ts
DA:1,15
end_of_record
SF:src/utils/const/bloom.ts
DA:4,15
DA:9,15
DA:11,15
end_of_record
SF:src/utils/const/data.ts
DA:7,127
DA:14,15
DA:19,15
DA:24,15
DA:29,15
DA:32,15
DA:33,15
DA:34,15
DA:35,15
DA:36,15
end_of_record
SF:src/utils/const/hdnode.ts
DA:7,15
DA:13,15
DA:19,15
DA:21,15
end_of_record
SF:src/utils/const/index.ts
DA:1,15
DA:2,15
DA:3,15
DA:4,15
DA:5,15
DA:6,15
DA:7,15
end_of_record
SF:src/utils/const/keystore.ts
DA:5,15
DA:11,15
end_of_record
SF:src/utils/const/mnemonic.ts
DA:7,15
DA:11,15
end_of_record
SF:src/utils/const/secp256k1.ts
DA:5,15
DA:10,15
end_of_record
SF:src/utils/const/transaction.ts
DA:1,15
DA:7,15
DA:38,15
DA:101,15
DA:109,15
DA:118,15
DA:127,15
DA:137,15
DA:142,15
DA:145,15
DA:146,15
DA:147,15
DA:148,15
DA:149,15
DA:150,15
DA:151,15
end_of_record
SF:src/utils/data/data.ts
DA:1,15
DA:16,15
DA:20,7
DA:35,15
DA:36,575
DA:50,15
DA:51,13
DA:63,15
DA:64,22
DA:65,11
DA:67,11
DA:70,15
BRDA:20,0,0,2
BRDA:20,0,1,5
BRDA:35,1,0,55
BRDA:36,2,0,554
BRDA:36,2,1,21
BRDA:64,3,0,11
end_of_record
SF:src/utils/data/index.ts
DA:1,15
end_of_record
SF:src/utils/errors.ts
DA:5,15
DA:69,6
DA:78,3
DA:102,87
DA:122,15
end_of_record
SF:src/utils/index.ts
DA:1,15
DA:2,15
DA:3,15
DA:4,15
DA:5,15
end_of_record
SF:src/utils/transaction/index.ts
DA:1,15
end_of_record
SF:src/utils/transaction/transaction.ts
DA:1,15
DA:3,15
DA:4,15
DA:5,15
DA:17,3
DA:18,0
DA:25,3
DA:26,6
DA:28,6
DA:29,0
DA:32,6
DA:34,0
DA:36,6
DA:37,6
DA:49,6
DA:50,0
DA:53,6
DA:54,6
DA:55,36
DA:56,18
DA:58,18
DA:61,6
DA:64,15
DA:65,15
BRDA:17,0,0,0
BRDA:26,1,0,6
BRDA:26,1,1,0
BRDA:28,2,0,0
BRDA:49,3,0,0
BRDA:49,4,0,6
BRDA:49,4,1,6
BRDA:55,5,0,18
BRDA:55,5,1,18
end_of_record
SF:tests/abi/fixture.ts
DA:1,1
DA:6,1
DA:98,1
DA:126,1
DA:192,1
DA:237,1
DA:256,1
DA:257,1
DA:258,1
DA:259,1
DA:260,1
end_of_record
SF:tests/address/fixture.ts
DA:4,1
DA:8,1
DA:13,1
DA:18,1
DA:23,1
DA:64,1
DA:65,1
DA:66,1
DA:67,1
DA:68,1
end_of_record
SF:tests/bloom/fixture.ts
DA:4,1
DA:19,1
end_of_record
SF:tests/hash/fixture.ts
DA:1,1
DA:6,1
DA:60,1
end_of_record
SF:tests/hdnode/fixture.ts
DA:5,1
DA:12,1
DA:24,1
DA:28,1
end_of_record
SF:tests/keystore/fixture.ts
DA:4,1
DA:6,1
end_of_record
SF:tests/mnemonic/fixture.ts
DA:2,1
DA:8,1
DA:15,1
DA:18,5
DA:19,5
DA:20,120
DA:26,1
DA:60,1
DA:63,1
DA:64,1
DA:65,1
DA:66,1
end_of_record
SF:tests/rlp/helpers.fixture.ts
DA:1,1
DA:14,1
DA:47,1
DA:70,1
DA:91,1
DA:102,1
DA:125,1
DA:136,1
DA:149,1
DA:162,1
DA:171,1
DA:184,1
DA:193,1
DA:211,1
DA:227,1
DA:228,1
DA:229,1
DA:230,1
DA:231,1
DA:232,1
DA:233,1
DA:234,1
DA:235,1
DA:236,1
DA:237,1
DA:238,1
DA:239,1
DA:240,1
end_of_record
SF:tests/rlp/rlp.fixture.ts
DA:1,1
DA:4,1
DA:15,1
DA:25,1
DA:82,1
DA:131,1
DA:158,1
DA:167,1
DA:186,1
DA:195,1
DA:217,1
DA:226,1
DA:254,1
DA:275,1
DA:285,1
DA:300,1
DA:321,1
DA:336,1
DA:356,1
DA:374,1
DA:446,1
DA:498,1
DA:516,1
DA:544,1
DA:577,1
DA:591,1
DA:618,1
DA:668,1
DA:689,1
DA:698,1
DA:707,1
DA:716,1
DA:749,1
DA:758,1
DA:774,1
DA:802,1
DA:811,1
DA:832,1
DA:847,1
DA:856,1
DA:865,1
DA:884,1
DA:885,1
DA:886,1
DA:887,1
DA:888,1
DA:889,1
DA:890,1
DA:891,1
DA:892,1
DA:893,1
DA:894,1
DA:895,1
DA:896,1
DA:897,1
DA:898,1
DA:899,1
DA:900,1
DA:901,1
DA:902,1
DA:903,1
DA:904,1
DA:905,1
DA:906,1
DA:907,1
DA:908,1
DA:909,1
DA:910,1
DA:911,1
DA:912,1
DA:913,1
DA:914,1
DA:915,1
DA:916,1
DA:917,1
DA:918,1
DA:919,1
DA:920,1
DA:921,1
DA:922,1
DA:923,1
DA:924,1
DA:925,1
DA:926,1
DA:927,1
DA:928,1
end_of_record
SF:tests/secp256k1/fixture.ts
DA:1,1
DA:6,1
DA:10,1
DA:15,1
DA:20,1
DA:28,1
DA:29,1
DA:30,1
DA:35,1
DA:42,1
DA:56,1
DA:57,1
DA:58,1
DA:59,1
DA:60,1
DA:61,1
DA:62,1
DA:63,1
DA:64,1
end_of_record
SF:tests/transaction/fixture.ts
DA:1,2
DA:6,2
DA:31,2
DA:100,2
DA:104,2
DA:112,2
DA:116,2
DA:126,2
DA:131,2
end_of_record
SF:tests/utils/bloom/fixture.ts
DA:1,1
DA:6,1
DA:21,1
DA:55,1
DA:82,1
DA:109,1
DA:127,1
DA:128,1
DA:129,1
DA:130,1
DA:131,1
end_of_record
SF:tests/utils/data/fixture.ts
DA:4,1
DA:9,1
DA:22,1
DA:42,1
end_of_record
