SF:src/driver/index.ts
DA:1,3
DA:2,3
end_of_record
SF:src/driver/simple-net.ts
DA:1,3
DA:2,3
DA:3,3
DA:5,3
DA:25,4
DA:28,4
DA:50,6
DA:51,6
DA:59,4
DA:60,2
DA:62,2
DA:63,14
DA:65,14
DA:66,13
DA:70,2
DA:73,4
DA:75,2
DA:76,2
DA:77,2
DA:83,3
BRDA:26,0,0,4
BRDA:59,1,0,2
BRDA:65,2,0,13
BRDA:76,3,0,2
end_of_record
SF:src/index.ts
DA:1,3
DA:3,3
DA:5,3
end_of_record
SF:src/network.ts
DA:1,3
DA:2,3
end_of_record
SF:src/utils/errors.ts
DA:12,3
DA:13,7
DA:14,6
DA:15,6
DA:16,4
DA:17,4
DA:18,1
DA:20,4
DA:24,2
DA:29,1
DA:35,3
BRDA:13,0,0,6
BRDA:13,0,1,1
BRDA:15,1,0,4
BRDA:15,1,1,2
BRDA:17,2,0,1
end_of_record
SF:src/utils/index.ts
DA:1,3
end_of_record
SF:tests/driver/fixture.ts
DA:1,2
DA:6,2
DA:11,2
DA:16,2
DA:21,2
DA:26,2
DA:54,2
DA:63,2
DA:68,2
DA:71,2
DA:72,2
DA:73,2
DA:74,2
DA:75,2
DA:76,2
end_of_record
SF:tests/utils/fixture.ts
DA:1,1
DA:6,1
DA:11,1
DA:23,1
DA:35,1
DA:54,1
DA:66,1
DA:86,1
DA:106,1
DA:116,1
end_of_record
