SF:src/errors.ts
DA:1,10
DA:2,10
DA:3,10
end_of_record
SF:src/index.ts
DA:1,10
DA:3,10
DA:5,10
end_of_record
SF:src/model/abi.ts
DA:2,10
DA:65,10
DA:66,10
DA:67,10
DA:68,10
DA:69,10
end_of_record
SF:src/model/address.ts
DA:2,10
DA:28,10
end_of_record
SF:src/model/base.ts
DA:25,24
DA:26,24
DA:27,24
DA:28,24
DA:32,10
end_of_record
SF:src/model/bloom.ts
DA:2,10
DA:25,10
end_of_record
SF:src/model/data.ts
DA:2,10
DA:16,10
end_of_record
SF:src/model/hdnode.ts
DA:2,10
DA:53,10
DA:54,10
DA:55,10
DA:56,10
end_of_record
SF:src/model/index.ts
DA:1,10
DA:2,10
DA:3,10
end_of_record
SF:src/model/keystore.ts
DA:2,10
DA:28,10
end_of_record
SF:src/model/rlp.ts
DA:2,10
DA:17,10
end_of_record
SF:src/model/secp256k1.ts
DA:1,10
DA:53,10
DA:54,10
DA:55,10
DA:56,10
end_of_record
SF:src/types/errorTypes.ts
DA:2,10
DA:9,10
DA:17,10
DA:18,10
DA:19,10
DA:24,10
DA:28,10
DA:30,10
DA:31,10
DA:32,10
DA:33,10
DA:34,10
DA:37,10
DA:38,10
DA:39,10
DA:42,10
DA:43,10
DA:44,10
DA:47,10
DA:48,10
DA:49,10
DA:50,10
DA:51,10
DA:54,10
DA:55,10
DA:56,10
DA:59,10
DA:60,10
DA:61,10
DA:62,10
DA:63,10
DA:64,10
DA:67,10
DA:68,10
DA:71,10
DA:72,10
DA:91,10
DA:165,10
DA:197,10
DA:198,10
BRDA:30,0,0,10
BRDA:30,0,1,10
BRDA:37,1,0,10
BRDA:37,1,1,10
BRDA:42,2,0,10
BRDA:42,2,1,10
BRDA:47,3,0,10
BRDA:47,3,1,10
BRDA:54,4,0,10
BRDA:54,4,1,10
BRDA:59,5,0,10
BRDA:59,5,1,10
BRDA:67,6,0,10
BRDA:67,6,1,10
BRDA:71,7,0,10
BRDA:71,7,1,10
end_of_record
SF:src/types/index.ts
DA:1,10
end_of_record
SF:src/utils/errorBuilder.ts
DA:3,10
DA:17,25
DA:19,25
DA:20,1
DA:22,24
DA:24,24
DA:27,10
BRDA:19,0,0,1
BRDA:19,1,0,25
BRDA:19,1,1,24
end_of_record
SF:src/utils/errorHandler.ts
DA:2,10
DA:8,3
DA:11,10
end_of_record
SF:src/utils/index.ts
DA:1,10
DA:2,10
end_of_record
